CRITICAL - 2025-08-29 01:28:42 --> ErrorException: include(C:\Desarrollo_web\crud-codeigniter4\app\Views/layout/navbar.php): Failed to open stream: No such file or directory
[Method: GET, Route: alumnos]
in APPPATH\Views\alumnos\index.php on line 11.
 1 APPPATH\Views\alumnos\index.php(11): CodeIgniter\Debug\Exceptions->errorHandler(2, 'include(C:\\Desarrollo_web\\crud-codeigniter4\\app\\Views/layout/navbar.php): Failed to open stream: No such file or directory', 'C:\\Desarrollo_web\\crud-codeigniter4\\app\\Views\\alumnos\\index.php', 11)
 2 APPPATH\Views\alumnos\index.php(11): include()
 3 SYSTEMPATH\View\View.php(226): include('C:\\Desarrollo_web\\crud-codeigniter4\\app\\Views\\alumnos\\index.php')
 4 SYSTEMPATH\View\View.php(229): CodeIgniter\View\View->CodeIgniter\View\{closure}()
 5 SYSTEMPATH\Common.php(1167): CodeIgniter\View\View->render('alumnos/index', [], true)
 6 APPPATH\Controllers\AlumnoController.php(20): view('alumnos/index', [...])
 7 SYSTEMPATH\CodeIgniter.php(933): App\Controllers\AlumnoController->index()
 8 SYSTEMPATH\CodeIgniter.php(507): CodeIgniter\CodeIgniter->runController(Object(App\Controllers\AlumnoController))
 9 SYSTEMPATH\CodeIgniter.php(354): CodeIgniter\CodeIgniter->handleRequest(null, Object(Config\Cache), false)
10 SYSTEMPATH\Boot.php(363): CodeIgniter\CodeIgniter->run()
11 SYSTEMPATH\Boot.php(68): CodeIgniter\Boot::runCodeIgniter(Object(CodeIgniter\CodeIgniter))
12 FCPATH\index.php(59): CodeIgniter\Boot::bootWeb(Object(Config\Paths))
13 SYSTEMPATH\rewrite.php(44): require_once('C:\\Desarrollo_web\\crud-codeigniter4\\public\\index.php')
CRITICAL - 2025-08-29 01:30:22 --> ErrorException: include(C:\Desarrollo_web\crud-codeigniter4\app\Formulario/navbar.php): Failed to open stream: No such file or directory
[Method: GET, Route: alumnos]
in APPPATH\Views\alumnos\index.php on line 11.
 1 APPPATH\Views\alumnos\index.php(11): CodeIgniter\Debug\Exceptions->errorHandler(2, 'include(C:\\Desarrollo_web\\crud-codeigniter4\\app\\Formulario/navbar.php): Failed to open stream: No such file or directory', 'C:\\Desarrollo_web\\crud-codeigniter4\\app\\Views\\alumnos\\index.php', 11)
 2 APPPATH\Views\alumnos\index.php(11): include()
 3 SYSTEMPATH\View\View.php(226): include('C:\\Desarrollo_web\\crud-codeigniter4\\app\\Views\\alumnos\\index.php')
 4 SYSTEMPATH\View\View.php(229): CodeIgniter\View\View->CodeIgniter\View\{closure}()
 5 SYSTEMPATH\Common.php(1167): CodeIgniter\View\View->render('alumnos/index', [], true)
 6 APPPATH\Controllers\AlumnoController.php(20): view('alumnos/index', [...])
 7 SYSTEMPATH\CodeIgniter.php(933): App\Controllers\AlumnoController->index()
 8 SYSTEMPATH\CodeIgniter.php(507): CodeIgniter\CodeIgniter->runController(Object(App\Controllers\AlumnoController))
 9 SYSTEMPATH\CodeIgniter.php(354): CodeIgniter\CodeIgniter->handleRequest(null, Object(Config\Cache), false)
10 SYSTEMPATH\Boot.php(363): CodeIgniter\CodeIgniter->run()
11 SYSTEMPATH\Boot.php(68): CodeIgniter\Boot::runCodeIgniter(Object(CodeIgniter\CodeIgniter))
12 FCPATH\index.php(59): CodeIgniter\Boot::bootWeb(Object(Config\Paths))
13 SYSTEMPATH\rewrite.php(44): require_once('C:\\Desarrollo_web\\crud-codeigniter4\\public\\index.php')
CRITICAL - 2025-08-29 01:30:25 --> ErrorException: include(C:\Desarrollo_web\crud-codeigniter4\app\Formulario/navbar.php): Failed to open stream: No such file or directory
[Method: GET, Route: alumnos]
in APPPATH\Views\alumnos\index.php on line 11.
 1 APPPATH\Views\alumnos\index.php(11): CodeIgniter\Debug\Exceptions->errorHandler(2, 'include(C:\\Desarrollo_web\\crud-codeigniter4\\app\\Formulario/navbar.php): Failed to open stream: No such file or directory', 'C:\\Desarrollo_web\\crud-codeigniter4\\app\\Views\\alumnos\\index.php', 11)
 2 APPPATH\Views\alumnos\index.php(11): include()
 3 SYSTEMPATH\View\View.php(226): include('C:\\Desarrollo_web\\crud-codeigniter4\\app\\Views\\alumnos\\index.php')
 4 SYSTEMPATH\View\View.php(229): CodeIgniter\View\View->CodeIgniter\View\{closure}()
 5 SYSTEMPATH\Common.php(1167): CodeIgniter\View\View->render('alumnos/index', [], true)
 6 APPPATH\Controllers\AlumnoController.php(20): view('alumnos/index', [...])
 7 SYSTEMPATH\CodeIgniter.php(933): App\Controllers\AlumnoController->index()
 8 SYSTEMPATH\CodeIgniter.php(507): CodeIgniter\CodeIgniter->runController(Object(App\Controllers\AlumnoController))
 9 SYSTEMPATH\CodeIgniter.php(354): CodeIgniter\CodeIgniter->handleRequest(null, Object(Config\Cache), false)
10 SYSTEMPATH\Boot.php(363): CodeIgniter\CodeIgniter->run()
11 SYSTEMPATH\Boot.php(68): CodeIgniter\Boot::runCodeIgniter(Object(CodeIgniter\CodeIgniter))
12 FCPATH\index.php(59): CodeIgniter\Boot::bootWeb(Object(Config\Paths))
13 SYSTEMPATH\rewrite.php(44): require_once('C:\\Desarrollo_web\\crud-codeigniter4\\public\\index.php')
CRITICAL - 2025-08-29 01:30:27 --> ErrorException: include(C:\Desarrollo_web\crud-codeigniter4\app\Formulario/navbar.php): Failed to open stream: No such file or directory
[Method: GET, Route: alumnos]
in APPPATH\Views\alumnos\index.php on line 11.
 1 APPPATH\Views\alumnos\index.php(11): CodeIgniter\Debug\Exceptions->errorHandler(2, 'include(C:\\Desarrollo_web\\crud-codeigniter4\\app\\Formulario/navbar.php): Failed to open stream: No such file or directory', 'C:\\Desarrollo_web\\crud-codeigniter4\\app\\Views\\alumnos\\index.php', 11)
 2 APPPATH\Views\alumnos\index.php(11): include()
 3 SYSTEMPATH\View\View.php(226): include('C:\\Desarrollo_web\\crud-codeigniter4\\app\\Views\\alumnos\\index.php')
 4 SYSTEMPATH\View\View.php(229): CodeIgniter\View\View->CodeIgniter\View\{closure}()
 5 SYSTEMPATH\Common.php(1167): CodeIgniter\View\View->render('alumnos/index', [], true)
 6 APPPATH\Controllers\AlumnoController.php(20): view('alumnos/index', [...])
 7 SYSTEMPATH\CodeIgniter.php(933): App\Controllers\AlumnoController->index()
 8 SYSTEMPATH\CodeIgniter.php(507): CodeIgniter\CodeIgniter->runController(Object(App\Controllers\AlumnoController))
 9 SYSTEMPATH\CodeIgniter.php(354): CodeIgniter\CodeIgniter->handleRequest(null, Object(Config\Cache), false)
10 SYSTEMPATH\Boot.php(363): CodeIgniter\CodeIgniter->run()
11 SYSTEMPATH\Boot.php(68): CodeIgniter\Boot::runCodeIgniter(Object(CodeIgniter\CodeIgniter))
12 FCPATH\index.php(59): CodeIgniter\Boot::bootWeb(Object(Config\Paths))
13 SYSTEMPATH\rewrite.php(44): require_once('C:\\Desarrollo_web\\crud-codeigniter4\\public\\index.php')
CRITICAL - 2025-08-29 01:31:27 --> CodeIgniter\View\Exceptions\ViewException: Invalid file: "layout/navbar.php"
[Method: GET, Route: alumnos]
in SYSTEMPATH\Exceptions\FrameworkException.php on line 39.
 1 SYSTEMPATH\View\View.php(214): CodeIgniter\Exceptions\FrameworkException::forInvalidFile('layout/navbar.php')
 2 SYSTEMPATH\View\View.php(475): CodeIgniter\View\View->render('layout/navbar', null, true)
 3 APPPATH\Views\alumnos\index.php(11): CodeIgniter\View\View->include('layout/navbar')
 4 SYSTEMPATH\View\View.php(226): include('C:\\Desarrollo_web\\crud-codeigniter4\\app\\Views\\alumnos\\index.php')
 5 SYSTEMPATH\View\View.php(229): CodeIgniter\View\View->CodeIgniter\View\{closure}()
 6 SYSTEMPATH\Common.php(1167): CodeIgniter\View\View->render('alumnos/index', [], true)
 7 APPPATH\Controllers\AlumnoController.php(20): view('alumnos/index', [...])
 8 SYSTEMPATH\CodeIgniter.php(933): App\Controllers\AlumnoController->index()
 9 SYSTEMPATH\CodeIgniter.php(507): CodeIgniter\CodeIgniter->runController(Object(App\Controllers\AlumnoController))
10 SYSTEMPATH\CodeIgniter.php(354): CodeIgniter\CodeIgniter->handleRequest(null, Object(Config\Cache), false)
11 SYSTEMPATH\Boot.php(363): CodeIgniter\CodeIgniter->run()
12 SYSTEMPATH\Boot.php(68): CodeIgniter\Boot::runCodeIgniter(Object(CodeIgniter\CodeIgniter))
13 FCPATH\index.php(59): CodeIgniter\Boot::bootWeb(Object(Config\Paths))
14 SYSTEMPATH\rewrite.php(44): require_once('C:\\Desarrollo_web\\crud-codeigniter4\\public\\index.php')
CRITICAL - 2025-08-29 01:32:37 --> ErrorException: Undefined variable $cursos
[Method: GET, Route: alumnos]
in APPPATH\Views\alumnos\index.php on line 52.
 1 APPPATH\Views\alumnos\index.php(52): CodeIgniter\Debug\Exceptions->errorHandler(2, 'Undefined variable $cursos', 'C:\\Desarrollo_web\\crud-codeigniter4\\app\\Views\\alumnos\\index.php', 52)
 2 SYSTEMPATH\View\View.php(226): include('C:\\Desarrollo_web\\crud-codeigniter4\\app\\Views\\alumnos\\index.php')
 3 SYSTEMPATH\View\View.php(229): CodeIgniter\View\View->CodeIgniter\View\{closure}()
 4 SYSTEMPATH\Common.php(1167): CodeIgniter\View\View->render('alumnos/index', [], true)
 5 APPPATH\Controllers\AlumnoController.php(20): view('alumnos/index', [...])
 6 SYSTEMPATH\CodeIgniter.php(933): App\Controllers\AlumnoController->index()
 7 SYSTEMPATH\CodeIgniter.php(507): CodeIgniter\CodeIgniter->runController(Object(App\Controllers\AlumnoController))
 8 SYSTEMPATH\CodeIgniter.php(354): CodeIgniter\CodeIgniter->handleRequest(null, Object(Config\Cache), false)
 9 SYSTEMPATH\Boot.php(363): CodeIgniter\CodeIgniter->run()
10 SYSTEMPATH\Boot.php(68): CodeIgniter\Boot::runCodeIgniter(Object(CodeIgniter\CodeIgniter))
11 FCPATH\index.php(59): CodeIgniter\Boot::bootWeb(Object(Config\Paths))
12 SYSTEMPATH\rewrite.php(44): require_once('C:\\Desarrollo_web\\crud-codeigniter4\\public\\index.php')
CRITICAL - 2025-08-29 01:34:38 --> ErrorException: Undefined variable $cursoModel
[Method: GET, Route: alumnos]
in APPPATH\Controllers\AlumnoController.php on line 20.
 1 APPPATH\Controllers\AlumnoController.php(20): CodeIgniter\Debug\Exceptions->errorHandler(2, 'Undefined variable $cursoModel', 'C:\\Desarrollo_web\\crud-codeigniter4\\app\\Controllers\\AlumnoController.php', 20)
 2 SYSTEMPATH\CodeIgniter.php(933): App\Controllers\AlumnoController->index()
 3 SYSTEMPATH\CodeIgniter.php(507): CodeIgniter\CodeIgniter->runController(Object(App\Controllers\AlumnoController))
 4 SYSTEMPATH\CodeIgniter.php(354): CodeIgniter\CodeIgniter->handleRequest(null, Object(Config\Cache), false)
 5 SYSTEMPATH\Boot.php(363): CodeIgniter\CodeIgniter->run()
 6 SYSTEMPATH\Boot.php(68): CodeIgniter\Boot::runCodeIgniter(Object(CodeIgniter\CodeIgniter))
 7 FCPATH\index.php(59): CodeIgniter\Boot::bootWeb(Object(Config\Paths))
 8 SYSTEMPATH\rewrite.php(44): require_once('C:\\Desarrollo_web\\crud-codeigniter4\\public\\index.php')
CRITICAL - 2025-08-29 01:36:12 --> Error: Class "App\Controllers\CursoModel" not found
[Method: GET, Route: alumnos]
in APPPATH\Controllers\AlumnoController.php on line 19.
 1 SYSTEMPATH\CodeIgniter.php(933): App\Controllers\AlumnoController->index()
 2 SYSTEMPATH\CodeIgniter.php(507): CodeIgniter\CodeIgniter->runController(Object(App\Controllers\AlumnoController))
 3 SYSTEMPATH\CodeIgniter.php(354): CodeIgniter\CodeIgniter->handleRequest(null, Object(Config\Cache), false)
 4 SYSTEMPATH\Boot.php(363): CodeIgniter\CodeIgniter->run()
 5 SYSTEMPATH\Boot.php(68): CodeIgniter\Boot::runCodeIgniter(Object(CodeIgniter\CodeIgniter))
 6 FCPATH\index.php(59): CodeIgniter\Boot::bootWeb(Object(Config\Paths))
 7 SYSTEMPATH\rewrite.php(44): require_once('C:\\Desarrollo_web\\crud-codeigniter4\\public\\index.php')
CRITICAL - 2025-08-29 01:38:49 --> Error: Class "App\Controllers\CursoModel" not found
[Method: GET, Route: alumnos]
in APPPATH\Controllers\AlumnoController.php on line 15.
 1 SYSTEMPATH\CodeIgniter.php(903): App\Controllers\AlumnoController->__construct()
 2 SYSTEMPATH\CodeIgniter.php(498): CodeIgniter\CodeIgniter->createController()
 3 SYSTEMPATH\CodeIgniter.php(354): CodeIgniter\CodeIgniter->handleRequest(null, Object(Config\Cache), false)
 4 SYSTEMPATH\Boot.php(363): CodeIgniter\CodeIgniter->run()
 5 SYSTEMPATH\Boot.php(68): CodeIgniter\Boot::runCodeIgniter(Object(CodeIgniter\CodeIgniter))
 6 FCPATH\index.php(59): CodeIgniter\Boot::bootWeb(Object(Config\Paths))
 7 SYSTEMPATH\rewrite.php(44): require_once('C:\\Desarrollo_web\\crud-codeigniter4\\public\\index.php')
CRITICAL - 2025-08-29 01:39:51 --> Error: Class "App\Controllers\CursoModel" not found
[Method: GET, Route: alumnos]
in APPPATH\Controllers\AlumnoController.php on line 15.
 1 SYSTEMPATH\CodeIgniter.php(903): App\Controllers\AlumnoController->__construct()
 2 SYSTEMPATH\CodeIgniter.php(498): CodeIgniter\CodeIgniter->createController()
 3 SYSTEMPATH\CodeIgniter.php(354): CodeIgniter\CodeIgniter->handleRequest(null, Object(Config\Cache), false)
 4 SYSTEMPATH\Boot.php(363): CodeIgniter\CodeIgniter->run()
 5 SYSTEMPATH\Boot.php(68): CodeIgniter\Boot::runCodeIgniter(Object(CodeIgniter\CodeIgniter))
 6 FCPATH\index.php(59): CodeIgniter\Boot::bootWeb(Object(Config\Paths))
 7 SYSTEMPATH\rewrite.php(44): require_once('C:\\Desarrollo_web\\crud-codeigniter4\\public\\index.php')
CRITICAL - 2025-08-29 01:45:28 --> ErrorException: Undefined variable $idAlumno
[Method: GET, Route: alumnos]
in APPPATH\Controllers\AlumnoController.php on line 25.
 1 APPPATH\Controllers\AlumnoController.php(25): CodeIgniter\Debug\Exceptions->errorHandler(2, 'Undefined variable $idAlumno', 'C:\\Desarrollo_web\\crud-codeigniter4\\app\\Controllers\\AlumnoController.php', 25)
 2 SYSTEMPATH\CodeIgniter.php(933): App\Controllers\AlumnoController->index()
 3 SYSTEMPATH\CodeIgniter.php(507): CodeIgniter\CodeIgniter->runController(Object(App\Controllers\AlumnoController))
 4 SYSTEMPATH\CodeIgniter.php(354): CodeIgniter\CodeIgniter->handleRequest(null, Object(Config\Cache), false)
 5 SYSTEMPATH\Boot.php(363): CodeIgniter\CodeIgniter->run()
 6 SYSTEMPATH\Boot.php(68): CodeIgniter\Boot::runCodeIgniter(Object(CodeIgniter\CodeIgniter))
 7 FCPATH\index.php(59): CodeIgniter\Boot::bootWeb(Object(Config\Paths))
 8 SYSTEMPATH\rewrite.php(44): require_once('C:\\Desarrollo_web\\crud-codeigniter4\\public\\index.php')
